<?xml version="1.0" encoding="UTF-8"?>
<testsuite name="SILab2Test" tests="2" skipped="0" failures="0" errors="0" timestamp="2021-05-27T18:26:18" hostname="DESKTOP-AJR9Q15" time="0.016">
  <properties/>
  <testcase name="multipleConditionsTest()" classname="SILab2Test" time="0.013"/>
  <testcase name="everyBranchTest()" classname="SILab2Test" time="0.002"/>
  <system-out><![CDATA[]]></system-out>
  <system-err><![CDATA[]]></system-err>
</testsuite>
